

Started OPTIONS "/input.json" for 127.0.0.1 at 2013-03-07 18:27:59 -0600
Connecting to database specified by database.yml

ActionController::RoutingError (No route matches [OPTIONS] "/input.json"):
  actionpack (3.2.12) lib/action_dispatch/middleware/debug_exceptions.rb:21:in `call'
  actionpack (3.2.12) lib/action_dispatch/middleware/show_exceptions.rb:56:in `call'
  railties (3.2.12) lib/rails/rack/logger.rb:32:in `call_app'
  railties (3.2.12) lib/rails/rack/logger.rb:16:in `block in call'
  activesupport (3.2.12) lib/active_support/tagged_logging.rb:22:in `tagged'
  railties (3.2.12) lib/rails/rack/logger.rb:16:in `call'
  actionpack (3.2.12) lib/action_dispatch/middleware/request_id.rb:22:in `call'
  rack (1.4.5) lib/rack/methodoverride.rb:21:in `call'
  rack (1.4.5) lib/rack/runtime.rb:17:in `call'
  activesupport (3.2.12) lib/active_support/cache/strategy/local_cache.rb:72:in `call'
  rack (1.4.5) lib/rack/lock.rb:15:in `call'
  actionpack (3.2.12) lib/action_dispatch/middleware/static.rb:62:in `call'
  railties (3.2.12) lib/rails/engine.rb:479:in `call'
  railties (3.2.12) lib/rails/application.rb:223:in `call'
  rack (1.4.5) lib/rack/content_length.rb:14:in `call'
  railties (3.2.12) lib/rails/rack/log_tailer.rb:17:in `call'
  rack (1.4.5) lib/rack/handler/webrick.rb:59:in `service'
  /usr/lib/ruby/1.9.1/webrick/httpserver.rb:138:in `service'
  /usr/lib/ruby/1.9.1/webrick/httpserver.rb:94:in `run'
  /usr/lib/ruby/1.9.1/webrick/server.rb:191:in `block in start_thread'


  Rendered /var/lib/gems/1.9.1/gems/actionpack-3.2.12/lib/action_dispatch/middleware/templates/rescues/routing_error.erb within rescues/layout (4.0ms)


Started OPTIONS "/input.json" for 127.0.0.1 at 2013-03-07 18:43:18 -0600

ActionController::RoutingError (No route matches [OPTIONS] "/input.json"):
  actionpack (3.2.12) lib/action_dispatch/middleware/debug_exceptions.rb:21:in `call'
  actionpack (3.2.12) lib/action_dispatch/middleware/show_exceptions.rb:56:in `call'
  railties (3.2.12) lib/rails/rack/logger.rb:32:in `call_app'
  railties (3.2.12) lib/rails/rack/logger.rb:16:in `block in call'
  activesupport (3.2.12) lib/active_support/tagged_logging.rb:22:in `tagged'
  railties (3.2.12) lib/rails/rack/logger.rb:16:in `call'
  actionpack (3.2.12) lib/action_dispatch/middleware/request_id.rb:22:in `call'
  rack (1.4.5) lib/rack/methodoverride.rb:21:in `call'
  rack (1.4.5) lib/rack/runtime.rb:17:in `call'
  activesupport (3.2.12) lib/active_support/cache/strategy/local_cache.rb:72:in `call'
  rack (1.4.5) lib/rack/lock.rb:15:in `call'
  actionpack (3.2.12) lib/action_dispatch/middleware/static.rb:62:in `call'
  railties (3.2.12) lib/rails/engine.rb:479:in `call'
  railties (3.2.12) lib/rails/application.rb:223:in `call'
  rack (1.4.5) lib/rack/content_length.rb:14:in `call'
  railties (3.2.12) lib/rails/rack/log_tailer.rb:17:in `call'
  rack (1.4.5) lib/rack/handler/webrick.rb:59:in `service'
  /usr/lib/ruby/1.9.1/webrick/httpserver.rb:138:in `service'
  /usr/lib/ruby/1.9.1/webrick/httpserver.rb:94:in `run'
  /usr/lib/ruby/1.9.1/webrick/server.rb:191:in `block in start_thread'


  Rendered /var/lib/gems/1.9.1/gems/actionpack-3.2.12/lib/action_dispatch/middleware/templates/rescues/routing_error.erb within rescues/layout (0.9ms)


Started OPTIONS "/input.json" for 127.0.0.1 at 2013-03-07 18:51:40 -0600
Connecting to database specified by database.yml
Processing by SendjsonController#cross_site_sharing as */*
WARNING: Can't verify CSRF token authenticity
  Rendered text template (0.0ms)
Completed 200 OK in 31ms (Views: 30.0ms | ActiveRecord: 0.0ms)


Started OPTIONS "/input.json" for 127.0.0.1 at 2013-03-07 19:07:02 -0600
Connecting to database specified by database.yml
Processing by SendjsonController#cross_site_sharing as */*
WARNING: Can't verify CSRF token authenticity
  Rendered text template (0.0ms)
Completed 200 OK in 38ms (Views: 37.4ms | ActiveRecord: 0.0ms)


Started OPTIONS "/input.json" for 127.0.0.1 at 2013-03-07 19:23:21 -0600
Connecting to database specified by database.yml

ActionController::RoutingError (No route matches [OPTIONS] "/input.json"):
  actionpack (3.2.12) lib/action_dispatch/middleware/debug_exceptions.rb:21:in `call'
  actionpack (3.2.12) lib/action_dispatch/middleware/show_exceptions.rb:56:in `call'
  railties (3.2.12) lib/rails/rack/logger.rb:32:in `call_app'
  railties (3.2.12) lib/rails/rack/logger.rb:16:in `block in call'
  activesupport (3.2.12) lib/active_support/tagged_logging.rb:22:in `tagged'
  railties (3.2.12) lib/rails/rack/logger.rb:16:in `call'
  actionpack (3.2.12) lib/action_dispatch/middleware/request_id.rb:22:in `call'
  rack (1.4.5) lib/rack/methodoverride.rb:21:in `call'
  rack (1.4.5) lib/rack/runtime.rb:17:in `call'
  activesupport (3.2.12) lib/active_support/cache/strategy/local_cache.rb:72:in `call'
  rack (1.4.5) lib/rack/lock.rb:15:in `call'
  actionpack (3.2.12) lib/action_dispatch/middleware/static.rb:62:in `call'
  railties (3.2.12) lib/rails/engine.rb:479:in `call'
  railties (3.2.12) lib/rails/application.rb:223:in `call'
  rack (1.4.5) lib/rack/content_length.rb:14:in `call'
  railties (3.2.12) lib/rails/rack/log_tailer.rb:17:in `call'
  rack (1.4.5) lib/rack/handler/webrick.rb:59:in `service'
  /usr/lib/ruby/1.9.1/webrick/httpserver.rb:138:in `service'
  /usr/lib/ruby/1.9.1/webrick/httpserver.rb:94:in `run'
  /usr/lib/ruby/1.9.1/webrick/server.rb:191:in `block in start_thread'


  Rendered /var/lib/gems/1.9.1/gems/actionpack-3.2.12/lib/action_dispatch/middleware/templates/rescues/routing_error.erb within rescues/layout (3.7ms)


Started OPTIONS "/input.json" for 127.0.0.1 at 2013-03-07 19:24:08 -0600
Connecting to database specified by database.yml

ActionController::RoutingError (No route matches [OPTIONS] "/input.json"):
  actionpack (3.2.12) lib/action_dispatch/middleware/debug_exceptions.rb:21:in `call'
  actionpack (3.2.12) lib/action_dispatch/middleware/show_exceptions.rb:56:in `call'
  railties (3.2.12) lib/rails/rack/logger.rb:32:in `call_app'
  railties (3.2.12) lib/rails/rack/logger.rb:16:in `block in call'
  activesupport (3.2.12) lib/active_support/tagged_logging.rb:22:in `tagged'
  railties (3.2.12) lib/rails/rack/logger.rb:16:in `call'
  actionpack (3.2.12) lib/action_dispatch/middleware/request_id.rb:22:in `call'
  rack (1.4.5) lib/rack/methodoverride.rb:21:in `call'
  rack (1.4.5) lib/rack/runtime.rb:17:in `call'
  activesupport (3.2.12) lib/active_support/cache/strategy/local_cache.rb:72:in `call'
  rack (1.4.5) lib/rack/lock.rb:15:in `call'
  actionpack (3.2.12) lib/action_dispatch/middleware/static.rb:62:in `call'
  railties (3.2.12) lib/rails/engine.rb:479:in `call'
  railties (3.2.12) lib/rails/application.rb:223:in `call'
  rack (1.4.5) lib/rack/content_length.rb:14:in `call'
  railties (3.2.12) lib/rails/rack/log_tailer.rb:17:in `call'
  rack (1.4.5) lib/rack/handler/webrick.rb:59:in `service'
  /usr/lib/ruby/1.9.1/webrick/httpserver.rb:138:in `service'
  /usr/lib/ruby/1.9.1/webrick/httpserver.rb:94:in `run'
  /usr/lib/ruby/1.9.1/webrick/server.rb:191:in `block in start_thread'


  Rendered /var/lib/gems/1.9.1/gems/actionpack-3.2.12/lib/action_dispatch/middleware/templates/rescues/routing_error.erb within rescues/layout (3.7ms)


Started OPTIONS "/input.json" for 127.0.0.1 at 2013-03-07 19:24:26 -0600
Processing by SendjsonController#cross_site_sharing as */*
WARNING: Can't verify CSRF token authenticity
  Rendered text template (0.0ms)
Completed 200 OK in 4ms (Views: 3.2ms | ActiveRecord: 0.0ms)


Started OPTIONS "/input.json" for 127.0.0.1 at 2013-03-07 19:47:12 -0600
Processing by SendjsonController#cross_site_sharing as */*
WARNING: Can't verify CSRF token authenticity
  Rendered text template (0.0ms)
Completed 200 OK in 2ms (Views: 1.1ms | ActiveRecord: 0.0ms)


Started OPTIONS "/input.json" for 127.0.0.1 at 2013-03-07 20:01:30 -0600
Connecting to database specified by database.yml
Processing by SendjsonController#cross_site_sharing as */*
WARNING: Can't verify CSRF token authenticity
  Rendered text template (0.0ms)
Completed 200 OK in 15ms (Views: 14.5ms | ActiveRecord: 0.0ms)


Started OPTIONS "/input.json" for 127.0.0.1 at 2013-03-07 20:02:19 -0600
Processing by SendjsonController#cross_site_sharing as */*
WARNING: Can't verify CSRF token authenticity
  Rendered text template (0.0ms)
Completed 200 OK in 2ms (Views: 1.1ms | ActiveRecord: 0.0ms)


Started OPTIONS "/input.json" for 127.0.0.1 at 2013-03-07 20:12:58 -0600
Connecting to database specified by database.yml

ActiveRecord::ConnectionNotEstablished (ActiveRecord::ConnectionNotEstablished):
  activerecord (3.2.12) lib/active_record/connection_adapters/abstract/connection_pool.rb:410:in `retrieve_connection'
  activerecord (3.2.12) lib/active_record/connection_adapters/abstract/connection_specification.rb:171:in `retrieve_connection'
  activerecord (3.2.12) lib/active_record/connection_adapters/abstract/connection_specification.rb:145:in `connection'
  activerecord (3.2.12) lib/active_record/query_cache.rb:67:in `rescue in call'
  activerecord (3.2.12) lib/active_record/query_cache.rb:61:in `call'
  activerecord (3.2.12) lib/active_record/connection_adapters/abstract/connection_pool.rb:479:in `call'
  actionpack (3.2.12) lib/action_dispatch/middleware/callbacks.rb:28:in `block in call'
  activesupport (3.2.12) lib/active_support/callbacks.rb:405:in `_run__105817658__call__286785__callbacks'
  activesupport (3.2.12) lib/active_support/callbacks.rb:405:in `__run_callback'
  activesupport (3.2.12) lib/active_support/callbacks.rb:385:in `_run_call_callbacks'
  activesupport (3.2.12) lib/active_support/callbacks.rb:81:in `run_callbacks'
  actionpack (3.2.12) lib/action_dispatch/middleware/callbacks.rb:27:in `call'
  actionpack (3.2.12) lib/action_dispatch/middleware/reloader.rb:65:in `call'
  actionpack (3.2.12) lib/action_dispatch/middleware/remote_ip.rb:31:in `call'
  actionpack (3.2.12) lib/action_dispatch/middleware/debug_exceptions.rb:16:in `call'
  actionpack (3.2.12) lib/action_dispatch/middleware/show_exceptions.rb:56:in `call'
  railties (3.2.12) lib/rails/rack/logger.rb:32:in `call_app'
  railties (3.2.12) lib/rails/rack/logger.rb:16:in `block in call'
  activesupport (3.2.12) lib/active_support/tagged_logging.rb:22:in `tagged'
  railties (3.2.12) lib/rails/rack/logger.rb:16:in `call'
  actionpack (3.2.12) lib/action_dispatch/middleware/request_id.rb:22:in `call'
  rack (1.4.5) lib/rack/methodoverride.rb:21:in `call'
  rack (1.4.5) lib/rack/runtime.rb:17:in `call'
  activesupport (3.2.12) lib/active_support/cache/strategy/local_cache.rb:72:in `call'
  rack (1.4.5) lib/rack/lock.rb:15:in `call'
  actionpack (3.2.12) lib/action_dispatch/middleware/static.rb:62:in `call'
  railties (3.2.12) lib/rails/engine.rb:479:in `call'
  railties (3.2.12) lib/rails/application.rb:223:in `call'
  rack (1.4.5) lib/rack/content_length.rb:14:in `call'
  railties (3.2.12) lib/rails/rack/log_tailer.rb:17:in `call'
  rack (1.4.5) lib/rack/handler/webrick.rb:59:in `service'
  /usr/lib/ruby/1.9.1/webrick/httpserver.rb:138:in `service'
  /usr/lib/ruby/1.9.1/webrick/httpserver.rb:94:in `run'
  /usr/lib/ruby/1.9.1/webrick/server.rb:191:in `block in start_thread'


  Rendered /var/lib/gems/1.9.1/gems/actionpack-3.2.12/lib/action_dispatch/middleware/templates/rescues/_trace.erb (1.7ms)
  Rendered /var/lib/gems/1.9.1/gems/actionpack-3.2.12/lib/action_dispatch/middleware/templates/rescues/_request_and_response.erb (3.7ms)
  Rendered /var/lib/gems/1.9.1/gems/actionpack-3.2.12/lib/action_dispatch/middleware/templates/rescues/diagnostics.erb within rescues/layout (296.4ms)


Started OPTIONS "/input.json" for 127.0.0.1 at 2013-03-07 20:13:22 -0600

ActiveRecord::ConnectionNotEstablished (ActiveRecord::ConnectionNotEstablished):
  activerecord (3.2.12) lib/active_record/connection_adapters/abstract/connection_pool.rb:410:in `retrieve_connection'
  activerecord (3.2.12) lib/active_record/connection_adapters/abstract/connection_specification.rb:171:in `retrieve_connection'
  activerecord (3.2.12) lib/active_record/connection_adapters/abstract/connection_specification.rb:145:in `connection'
  activerecord (3.2.12) lib/active_record/query_cache.rb:67:in `rescue in call'
  activerecord (3.2.12) lib/active_record/query_cache.rb:61:in `call'
  activerecord (3.2.12) lib/active_record/connection_adapters/abstract/connection_pool.rb:479:in `call'
  actionpack (3.2.12) lib/action_dispatch/middleware/callbacks.rb:28:in `block in call'
  activesupport (3.2.12) lib/active_support/callbacks.rb:405:in `_run__105817658__call__286785__callbacks'
  activesupport (3.2.12) lib/active_support/callbacks.rb:405:in `__run_callback'
  activesupport (3.2.12) lib/active_support/callbacks.rb:385:in `_run_call_callbacks'
  activesupport (3.2.12) lib/active_support/callbacks.rb:81:in `run_callbacks'
  actionpack (3.2.12) lib/action_dispatch/middleware/callbacks.rb:27:in `call'
  actionpack (3.2.12) lib/action_dispatch/middleware/reloader.rb:65:in `call'
  actionpack (3.2.12) lib/action_dispatch/middleware/remote_ip.rb:31:in `call'
  actionpack (3.2.12) lib/action_dispatch/middleware/debug_exceptions.rb:16:in `call'
  actionpack (3.2.12) lib/action_dispatch/middleware/show_exceptions.rb:56:in `call'
  railties (3.2.12) lib/rails/rack/logger.rb:32:in `call_app'
  railties (3.2.12) lib/rails/rack/logger.rb:16:in `block in call'
  activesupport (3.2.12) lib/active_support/tagged_logging.rb:22:in `tagged'
  railties (3.2.12) lib/rails/rack/logger.rb:16:in `call'
  actionpack (3.2.12) lib/action_dispatch/middleware/request_id.rb:22:in `call'
  rack (1.4.5) lib/rack/methodoverride.rb:21:in `call'
  rack (1.4.5) lib/rack/runtime.rb:17:in `call'
  activesupport (3.2.12) lib/active_support/cache/strategy/local_cache.rb:72:in `call'
  rack (1.4.5) lib/rack/lock.rb:15:in `call'
  actionpack (3.2.12) lib/action_dispatch/middleware/static.rb:62:in `call'
  railties (3.2.12) lib/rails/engine.rb:479:in `call'
  railties (3.2.12) lib/rails/application.rb:223:in `call'
  rack (1.4.5) lib/rack/content_length.rb:14:in `call'
  railties (3.2.12) lib/rails/rack/log_tailer.rb:17:in `call'
  rack (1.4.5) lib/rack/handler/webrick.rb:59:in `service'
  /usr/lib/ruby/1.9.1/webrick/httpserver.rb:138:in `service'
  /usr/lib/ruby/1.9.1/webrick/httpserver.rb:94:in `run'
  /usr/lib/ruby/1.9.1/webrick/server.rb:191:in `block in start_thread'


  Rendered /var/lib/gems/1.9.1/gems/actionpack-3.2.12/lib/action_dispatch/middleware/templates/rescues/_trace.erb (1.6ms)
  Rendered /var/lib/gems/1.9.1/gems/actionpack-3.2.12/lib/action_dispatch/middleware/templates/rescues/_request_and_response.erb (1.2ms)
  Rendered /var/lib/gems/1.9.1/gems/actionpack-3.2.12/lib/action_dispatch/middleware/templates/rescues/diagnostics.erb within rescues/layout (10.6ms)


Started OPTIONS "/input.json" for 127.0.0.1 at 2013-03-07 20:13:30 -0600

ActiveRecord::ConnectionNotEstablished (ActiveRecord::ConnectionNotEstablished):
  activerecord (3.2.12) lib/active_record/connection_adapters/abstract/connection_pool.rb:410:in `retrieve_connection'
  activerecord (3.2.12) lib/active_record/connection_adapters/abstract/connection_specification.rb:171:in `retrieve_connection'
  activerecord (3.2.12) lib/active_record/connection_adapters/abstract/connection_specification.rb:145:in `connection'
  activerecord (3.2.12) lib/active_record/query_cache.rb:67:in `rescue in call'
  activerecord (3.2.12) lib/active_record/query_cache.rb:61:in `call'
  activerecord (3.2.12) lib/active_record/connection_adapters/abstract/connection_pool.rb:479:in `call'
  actionpack (3.2.12) lib/action_dispatch/middleware/callbacks.rb:28:in `block in call'
  activesupport (3.2.12) lib/active_support/callbacks.rb:405:in `_run__105817658__call__286785__callbacks'
  activesupport (3.2.12) lib/active_support/callbacks.rb:405:in `__run_callback'
  activesupport (3.2.12) lib/active_support/callbacks.rb:385:in `_run_call_callbacks'
  activesupport (3.2.12) lib/active_support/callbacks.rb:81:in `run_callbacks'
  actionpack (3.2.12) lib/action_dispatch/middleware/callbacks.rb:27:in `call'
  actionpack (3.2.12) lib/action_dispatch/middleware/reloader.rb:65:in `call'
  actionpack (3.2.12) lib/action_dispatch/middleware/remote_ip.rb:31:in `call'
  actionpack (3.2.12) lib/action_dispatch/middleware/debug_exceptions.rb:16:in `call'
  actionpack (3.2.12) lib/action_dispatch/middleware/show_exceptions.rb:56:in `call'
  railties (3.2.12) lib/rails/rack/logger.rb:32:in `call_app'
  railties (3.2.12) lib/rails/rack/logger.rb:16:in `block in call'
  activesupport (3.2.12) lib/active_support/tagged_logging.rb:22:in `tagged'
  railties (3.2.12) lib/rails/rack/logger.rb:16:in `call'
  actionpack (3.2.12) lib/action_dispatch/middleware/request_id.rb:22:in `call'
  rack (1.4.5) lib/rack/methodoverride.rb:21:in `call'
  rack (1.4.5) lib/rack/runtime.rb:17:in `call'
  activesupport (3.2.12) lib/active_support/cache/strategy/local_cache.rb:72:in `call'
  rack (1.4.5) lib/rack/lock.rb:15:in `call'
  actionpack (3.2.12) lib/action_dispatch/middleware/static.rb:62:in `call'
  railties (3.2.12) lib/rails/engine.rb:479:in `call'
  railties (3.2.12) lib/rails/application.rb:223:in `call'
  rack (1.4.5) lib/rack/content_length.rb:14:in `call'
  railties (3.2.12) lib/rails/rack/log_tailer.rb:17:in `call'
  rack (1.4.5) lib/rack/handler/webrick.rb:59:in `service'
  /usr/lib/ruby/1.9.1/webrick/httpserver.rb:138:in `service'
  /usr/lib/ruby/1.9.1/webrick/httpserver.rb:94:in `run'
  /usr/lib/ruby/1.9.1/webrick/server.rb:191:in `block in start_thread'


  Rendered /var/lib/gems/1.9.1/gems/actionpack-3.2.12/lib/action_dispatch/middleware/templates/rescues/_trace.erb (1.6ms)
  Rendered /var/lib/gems/1.9.1/gems/actionpack-3.2.12/lib/action_dispatch/middleware/templates/rescues/_request_and_response.erb (1.2ms)
  Rendered /var/lib/gems/1.9.1/gems/actionpack-3.2.12/lib/action_dispatch/middleware/templates/rescues/diagnostics.erb within rescues/layout (10.5ms)


Started OPTIONS "/input.json" for 127.0.0.1 at 2013-03-07 20:13:43 -0600
Connecting to database specified by database.yml

ActiveRecord::ConnectionNotEstablished (ActiveRecord::ConnectionNotEstablished):
  activerecord (3.2.12) lib/active_record/connection_adapters/abstract/connection_pool.rb:410:in `retrieve_connection'
  activerecord (3.2.12) lib/active_record/connection_adapters/abstract/connection_specification.rb:171:in `retrieve_connection'
  activerecord (3.2.12) lib/active_record/connection_adapters/abstract/connection_specification.rb:145:in `connection'
  activerecord (3.2.12) lib/active_record/query_cache.rb:67:in `rescue in call'
  activerecord (3.2.12) lib/active_record/query_cache.rb:61:in `call'
  activerecord (3.2.12) lib/active_record/connection_adapters/abstract/connection_pool.rb:479:in `call'
  actionpack (3.2.12) lib/action_dispatch/middleware/callbacks.rb:28:in `block in call'
  activesupport (3.2.12) lib/active_support/callbacks.rb:405:in `_run__531967631__call__1042209015__callbacks'
  activesupport (3.2.12) lib/active_support/callbacks.rb:405:in `__run_callback'
  activesupport (3.2.12) lib/active_support/callbacks.rb:385:in `_run_call_callbacks'
  activesupport (3.2.12) lib/active_support/callbacks.rb:81:in `run_callbacks'
  actionpack (3.2.12) lib/action_dispatch/middleware/callbacks.rb:27:in `call'
  actionpack (3.2.12) lib/action_dispatch/middleware/reloader.rb:65:in `call'
  actionpack (3.2.12) lib/action_dispatch/middleware/remote_ip.rb:31:in `call'
  actionpack (3.2.12) lib/action_dispatch/middleware/debug_exceptions.rb:16:in `call'
  actionpack (3.2.12) lib/action_dispatch/middleware/show_exceptions.rb:56:in `call'
  railties (3.2.12) lib/rails/rack/logger.rb:32:in `call_app'
  railties (3.2.12) lib/rails/rack/logger.rb:16:in `block in call'
  activesupport (3.2.12) lib/active_support/tagged_logging.rb:22:in `tagged'
  railties (3.2.12) lib/rails/rack/logger.rb:16:in `call'
  actionpack (3.2.12) lib/action_dispatch/middleware/request_id.rb:22:in `call'
  rack (1.4.5) lib/rack/methodoverride.rb:21:in `call'
  rack (1.4.5) lib/rack/runtime.rb:17:in `call'
  activesupport (3.2.12) lib/active_support/cache/strategy/local_cache.rb:72:in `call'
  rack (1.4.5) lib/rack/lock.rb:15:in `call'
  actionpack (3.2.12) lib/action_dispatch/middleware/static.rb:62:in `call'
  railties (3.2.12) lib/rails/engine.rb:479:in `call'
  railties (3.2.12) lib/rails/application.rb:223:in `call'
  rack (1.4.5) lib/rack/content_length.rb:14:in `call'
  railties (3.2.12) lib/rails/rack/log_tailer.rb:17:in `call'
  rack (1.4.5) lib/rack/handler/webrick.rb:59:in `service'
  /usr/lib/ruby/1.9.1/webrick/httpserver.rb:138:in `service'
  /usr/lib/ruby/1.9.1/webrick/httpserver.rb:94:in `run'
  /usr/lib/ruby/1.9.1/webrick/server.rb:191:in `block in start_thread'


  Rendered /var/lib/gems/1.9.1/gems/actionpack-3.2.12/lib/action_dispatch/middleware/templates/rescues/_trace.erb (1.7ms)
  Rendered /var/lib/gems/1.9.1/gems/actionpack-3.2.12/lib/action_dispatch/middleware/templates/rescues/_request_and_response.erb (3.6ms)
  Rendered /var/lib/gems/1.9.1/gems/actionpack-3.2.12/lib/action_dispatch/middleware/templates/rescues/diagnostics.erb within rescues/layout (302.7ms)


Started OPTIONS "/input.json" for 127.0.0.1 at 2013-03-07 20:14:43 -0600
Connecting to database specified by database.yml
Processing by SendjsonController#cross_site_sharing as */*
WARNING: Can't verify CSRF token authenticity
  Rendered text template (0.0ms)
Completed 200 OK in 36ms (Views: 35.5ms | ActiveRecord: 0.0ms)


Started GET "/assets/rails.png" for 127.0.0.1 at 2013-03-07 20:20:14 -0600
Connecting to database specified by database.yml
Served asset /rails.png - 200 OK (6ms)


Started OPTIONS "/input.json" for 127.0.0.1 at 2013-03-07 20:25:07 -0600

SyntaxError (/home/znichol92/Research/backend/config/routes.rb:3: syntax error, unexpected tASSOC
...on#cross_site_sharing', via: => :options
...                               ^):
  activesupport (3.2.12) lib/active_support/dependencies.rb:245:in `load'
  activesupport (3.2.12) lib/active_support/dependencies.rb:245:in `block in load'
  activesupport (3.2.12) lib/active_support/dependencies.rb:236:in `load_dependency'
  activesupport (3.2.12) lib/active_support/dependencies.rb:245:in `load'
  railties (3.2.12) lib/rails/application/routes_reloader.rb:40:in `block in load_paths'
  railties (3.2.12) lib/rails/application/routes_reloader.rb:40:in `each'
  railties (3.2.12) lib/rails/application/routes_reloader.rb:40:in `load_paths'
  railties (3.2.12) lib/rails/application/routes_reloader.rb:16:in `reload!'
  railties (3.2.12) lib/rails/application/routes_reloader.rb:26:in `block in updater'
  activesupport (3.2.12) lib/active_support/file_update_checker.rb:78:in `call'
  activesupport (3.2.12) lib/active_support/file_update_checker.rb:78:in `execute'
  activesupport (3.2.12) lib/active_support/file_update_checker.rb:86:in `execute_if_updated'
  railties (3.2.12) lib/rails/application/routes_reloader.rb:7:in `execute_if_updated'
  railties (3.2.12) lib/rails/application/finisher.rb:68:in `block (2 levels) in <module:Finisher>'
  activesupport (3.2.12) lib/active_support/callbacks.rb:429:in `_run__799613396__prepare__229736556__callbacks'
  activesupport (3.2.12) lib/active_support/callbacks.rb:405:in `__run_callback'
  activesupport (3.2.12) lib/active_support/callbacks.rb:385:in `_run_prepare_callbacks'
  activesupport (3.2.12) lib/active_support/callbacks.rb:81:in `run_callbacks'
  actionpack (3.2.12) lib/action_dispatch/middleware/reloader.rb:74:in `prepare!'
  actionpack (3.2.12) lib/action_dispatch/middleware/reloader.rb:64:in `call'
  actionpack (3.2.12) lib/action_dispatch/middleware/remote_ip.rb:31:in `call'
  actionpack (3.2.12) lib/action_dispatch/middleware/debug_exceptions.rb:16:in `call'
  actionpack (3.2.12) lib/action_dispatch/middleware/show_exceptions.rb:56:in `call'
  railties (3.2.12) lib/rails/rack/logger.rb:32:in `call_app'
  railties (3.2.12) lib/rails/rack/logger.rb:16:in `block in call'
  activesupport (3.2.12) lib/active_support/tagged_logging.rb:22:in `tagged'
  railties (3.2.12) lib/rails/rack/logger.rb:16:in `call'
  actionpack (3.2.12) lib/action_dispatch/middleware/request_id.rb:22:in `call'
  rack (1.4.5) lib/rack/methodoverride.rb:21:in `call'
  rack (1.4.5) lib/rack/runtime.rb:17:in `call'
  activesupport (3.2.12) lib/active_support/cache/strategy/local_cache.rb:72:in `call'
  rack (1.4.5) lib/rack/lock.rb:15:in `call'
  actionpack (3.2.12) lib/action_dispatch/middleware/static.rb:62:in `call'
  railties (3.2.12) lib/rails/engine.rb:479:in `call'
  railties (3.2.12) lib/rails/application.rb:223:in `call'
  rack (1.4.5) lib/rack/content_length.rb:14:in `call'
  railties (3.2.12) lib/rails/rack/log_tailer.rb:17:in `call'
  rack (1.4.5) lib/rack/handler/webrick.rb:59:in `service'
  /usr/lib/ruby/1.9.1/webrick/httpserver.rb:138:in `service'
  /usr/lib/ruby/1.9.1/webrick/httpserver.rb:94:in `run'
  /usr/lib/ruby/1.9.1/webrick/server.rb:191:in `block in start_thread'


  Rendered /var/lib/gems/1.9.1/gems/actionpack-3.2.12/lib/action_dispatch/middleware/templates/rescues/_trace.erb (1.9ms)
  Rendered /var/lib/gems/1.9.1/gems/actionpack-3.2.12/lib/action_dispatch/middleware/templates/rescues/_request_and_response.erb (4.0ms)
  Rendered /var/lib/gems/1.9.1/gems/actionpack-3.2.12/lib/action_dispatch/middleware/templates/rescues/diagnostics.erb within rescues/layout (17.0ms)
Connecting to database specified by database.yml


Started OPTIONS "/input.json" for 127.0.0.1 at 2013-03-07 20:25:37 -0600
Processing by SendjsonController#cross_site_sharing as */*
WARNING: Can't verify CSRF token authenticity
  Rendered text template (0.0ms)
Completed 200 OK in 4ms (Views: 3.3ms | ActiveRecord: 0.0ms)


Started GET "/assets/rails.png" for 127.0.0.1 at 2013-03-07 20:33:07 -0600
Connecting to database specified by database.yml
Served asset /rails.png - 200 OK (3ms)


Started OPTIONS "/input.json" for 127.0.0.1 at 2013-03-07 20:35:39 -0600
Connecting to database specified by database.yml

ActionController::RoutingError (No route matches [OPTIONS] "/input.json"):
  actionpack (3.2.12) lib/action_dispatch/middleware/debug_exceptions.rb:21:in `call'
  actionpack (3.2.12) lib/action_dispatch/middleware/show_exceptions.rb:56:in `call'
  railties (3.2.12) lib/rails/rack/logger.rb:32:in `call_app'
  railties (3.2.12) lib/rails/rack/logger.rb:16:in `block in call'
  activesupport (3.2.12) lib/active_support/tagged_logging.rb:22:in `tagged'
  railties (3.2.12) lib/rails/rack/logger.rb:16:in `call'
  actionpack (3.2.12) lib/action_dispatch/middleware/request_id.rb:22:in `call'
  rack (1.4.5) lib/rack/methodoverride.rb:21:in `call'
  rack (1.4.5) lib/rack/runtime.rb:17:in `call'
  activesupport (3.2.12) lib/active_support/cache/strategy/local_cache.rb:72:in `call'
  rack (1.4.5) lib/rack/lock.rb:15:in `call'
  actionpack (3.2.12) lib/action_dispatch/middleware/static.rb:62:in `call'
  railties (3.2.12) lib/rails/engine.rb:479:in `call'
  railties (3.2.12) lib/rails/application.rb:223:in `call'
  rack (1.4.5) lib/rack/content_length.rb:14:in `call'
  railties (3.2.12) lib/rails/rack/log_tailer.rb:17:in `call'
  rack (1.4.5) lib/rack/handler/webrick.rb:59:in `service'
  /usr/lib/ruby/1.9.1/webrick/httpserver.rb:138:in `service'
  /usr/lib/ruby/1.9.1/webrick/httpserver.rb:94:in `run'
  /usr/lib/ruby/1.9.1/webrick/server.rb:191:in `block in start_thread'


  Rendered /var/lib/gems/1.9.1/gems/actionpack-3.2.12/lib/action_dispatch/middleware/templates/rescues/routing_error.erb within rescues/layout (4.4ms)


Started OPTIONS "/input.json" for 127.0.0.1 at 2013-03-07 20:35:57 -0600
Processing by SendjsonController#cross_site_sharing as */*
WARNING: Can't verify CSRF token authenticity
  Rendered text template (0.0ms)
Completed 200 OK in 4ms (Views: 3.5ms | ActiveRecord: 0.0ms)


Started OPTIONS "/input.json" for 127.0.0.1 at 2013-03-07 20:46:54 -0600
Connecting to database specified by database.yml
Processing by SendjsonController#cross_site_sharing as */*
WARNING: Can't verify CSRF token authenticity
Completed 500 Internal Server Error in 2ms

NameError (undefined local variable or method `verified_request' for #<SendjsonController:0xb5a22c44>):
  activesupport (3.2.12) lib/active_support/callbacks.rb:418:in `_run__652702403__process_action__364475192__callbacks'
  activesupport (3.2.12) lib/active_support/callbacks.rb:405:in `__run_callback'
  activesupport (3.2.12) lib/active_support/callbacks.rb:385:in `_run_process_action_callbacks'
  activesupport (3.2.12) lib/active_support/callbacks.rb:81:in `run_callbacks'
  actionpack (3.2.12) lib/abstract_controller/callbacks.rb:17:in `process_action'
  actionpack (3.2.12) lib/action_controller/metal/rescue.rb:29:in `process_action'
  actionpack (3.2.12) lib/action_controller/metal/instrumentation.rb:30:in `block in process_action'
  activesupport (3.2.12) lib/active_support/notifications.rb:123:in `block in instrument'
  activesupport (3.2.12) lib/active_support/notifications/instrumenter.rb:20:in `instrument'
  activesupport (3.2.12) lib/active_support/notifications.rb:123:in `instrument'
  actionpack (3.2.12) lib/action_controller/metal/instrumentation.rb:29:in `process_action'
  actionpack (3.2.12) lib/action_controller/metal/params_wrapper.rb:207:in `process_action'
  activerecord (3.2.12) lib/active_record/railties/controller_runtime.rb:18:in `process_action'
  actionpack (3.2.12) lib/abstract_controller/base.rb:121:in `process'
  actionpack (3.2.12) lib/abstract_controller/rendering.rb:45:in `process'
  actionpack (3.2.12) lib/action_controller/metal.rb:203:in `dispatch'
  actionpack (3.2.12) lib/action_controller/metal/rack_delegation.rb:14:in `dispatch'
  actionpack (3.2.12) lib/action_controller/metal.rb:246:in `block in action'
  actionpack (3.2.12) lib/action_dispatch/routing/route_set.rb:73:in `call'
  actionpack (3.2.12) lib/action_dispatch/routing/route_set.rb:73:in `dispatch'
  actionpack (3.2.12) lib/action_dispatch/routing/route_set.rb:36:in `call'
  journey (1.0.4) lib/journey/router.rb:68:in `block in call'
  journey (1.0.4) lib/journey/router.rb:56:in `each'
  journey (1.0.4) lib/journey/router.rb:56:in `call'
  actionpack (3.2.12) lib/action_dispatch/routing/route_set.rb:601:in `call'
  actionpack (3.2.12) lib/action_dispatch/middleware/best_standards_support.rb:17:in `call'
  rack (1.4.5) lib/rack/etag.rb:23:in `call'
  rack (1.4.5) lib/rack/conditionalget.rb:35:in `call'
  actionpack (3.2.12) lib/action_dispatch/middleware/head.rb:14:in `call'
  actionpack (3.2.12) lib/action_dispatch/middleware/params_parser.rb:21:in `call'
  actionpack (3.2.12) lib/action_dispatch/middleware/flash.rb:242:in `call'
  rack (1.4.5) lib/rack/session/abstract/id.rb:210:in `context'
  rack (1.4.5) lib/rack/session/abstract/id.rb:205:in `call'
  actionpack (3.2.12) lib/action_dispatch/middleware/cookies.rb:341:in `call'
  activerecord (3.2.12) lib/active_record/query_cache.rb:64:in `call'
  activerecord (3.2.12) lib/active_record/connection_adapters/abstract/connection_pool.rb:479:in `call'
  actionpack (3.2.12) lib/action_dispatch/middleware/callbacks.rb:28:in `block in call'
  activesupport (3.2.12) lib/active_support/callbacks.rb:405:in `_run__1039336635__call__472729408__callbacks'
  activesupport (3.2.12) lib/active_support/callbacks.rb:405:in `__run_callback'
  activesupport (3.2.12) lib/active_support/callbacks.rb:385:in `_run_call_callbacks'
  activesupport (3.2.12) lib/active_support/callbacks.rb:81:in `run_callbacks'
  actionpack (3.2.12) lib/action_dispatch/middleware/callbacks.rb:27:in `call'
  actionpack (3.2.12) lib/action_dispatch/middleware/reloader.rb:65:in `call'
  actionpack (3.2.12) lib/action_dispatch/middleware/remote_ip.rb:31:in `call'
  actionpack (3.2.12) lib/action_dispatch/middleware/debug_exceptions.rb:16:in `call'
  actionpack (3.2.12) lib/action_dispatch/middleware/show_exceptions.rb:56:in `call'
  railties (3.2.12) lib/rails/rack/logger.rb:32:in `call_app'
  railties (3.2.12) lib/rails/rack/logger.rb:16:in `block in call'
  activesupport (3.2.12) lib/active_support/tagged_logging.rb:22:in `tagged'
  railties (3.2.12) lib/rails/rack/logger.rb:16:in `call'
  actionpack (3.2.12) lib/action_dispatch/middleware/request_id.rb:22:in `call'
  rack (1.4.5) lib/rack/methodoverride.rb:21:in `call'
  rack (1.4.5) lib/rack/runtime.rb:17:in `call'
  activesupport (3.2.12) lib/active_support/cache/strategy/local_cache.rb:72:in `call'
  rack (1.4.5) lib/rack/lock.rb:15:in `call'
  actionpack (3.2.12) lib/action_dispatch/middleware/static.rb:62:in `call'
  railties (3.2.12) lib/rails/engine.rb:479:in `call'
  railties (3.2.12) lib/rails/application.rb:223:in `call'
  rack (1.4.5) lib/rack/content_length.rb:14:in `call'
  railties (3.2.12) lib/rails/rack/log_tailer.rb:17:in `call'
  rack (1.4.5) lib/rack/handler/webrick.rb:59:in `service'
  /usr/lib/ruby/1.9.1/webrick/httpserver.rb:138:in `service'
  /usr/lib/ruby/1.9.1/webrick/httpserver.rb:94:in `run'
  /usr/lib/ruby/1.9.1/webrick/server.rb:191:in `block in start_thread'


  Rendered /var/lib/gems/1.9.1/gems/actionpack-3.2.12/lib/action_dispatch/middleware/templates/rescues/_trace.erb (1.8ms)
  Rendered /var/lib/gems/1.9.1/gems/actionpack-3.2.12/lib/action_dispatch/middleware/templates/rescues/_request_and_response.erb (1.6ms)
  Rendered /var/lib/gems/1.9.1/gems/actionpack-3.2.12/lib/action_dispatch/middleware/templates/rescues/diagnostics.erb within rescues/layout (38.9ms)


Started OPTIONS "/input.json" for 127.0.0.1 at 2013-03-07 20:48:11 -0600
Processing by SendjsonController#cross_site_sharing as */*
WARNING: Can't verify CSRF token authenticity
Completed 500 Internal Server Error in 2ms

NoMethodError (super: no superclass method `verified_request' for #<SendjsonController:0xb645d790>):
  app/controllers/sendjson_controller.rb:24:in `verified_request'


  Rendered /var/lib/gems/1.9.1/gems/actionpack-3.2.12/lib/action_dispatch/middleware/templates/rescues/_trace.erb (1.7ms)
  Rendered /var/lib/gems/1.9.1/gems/actionpack-3.2.12/lib/action_dispatch/middleware/templates/rescues/_request_and_response.erb (1.3ms)
  Rendered /var/lib/gems/1.9.1/gems/actionpack-3.2.12/lib/action_dispatch/middleware/templates/rescues/diagnostics.erb within rescues/layout (12.1ms)


Started OPTIONS "/input.json" for 127.0.0.1 at 2013-03-07 20:48:43 -0600
Processing by SendjsonController#cross_site_sharing as */*
WARNING: Can't verify CSRF token authenticity
  Rendered text template (0.0ms)
Completed 200 OK in 5ms (Views: 3.9ms | ActiveRecord: 0.0ms)


Started OPTIONS "/input.json" for 127.0.0.1 at 2013-03-07 21:10:16 -0600
Processing by SendjsonController#cross_site_sharing as */*
  Rendered text template (0.0ms)
Completed 200 OK in 2ms (Views: 1.1ms | ActiveRecord: 0.0ms)


Started OPTIONS "/input.json" for 127.0.0.1 at 2013-03-07 21:15:50 -0600
Processing by SendjsonController#cross_site_sharing as */*
  Rendered text template (0.0ms)
Completed 200 OK in 1ms (Views: 0.5ms | ActiveRecord: 0.0ms)


Started OPTIONS "/input.json" for 127.0.0.1 at 2013-03-07 21:16:30 -0600
Processing by SendjsonController#cross_site_sharing as */*
  Rendered text template (0.0ms)
Completed 200 OK in 0ms (Views: 0.3ms | ActiveRecord: 0.0ms)


Started OPTIONS "/input.json" for 127.0.0.1 at 2013-03-07 21:32:10 -0600
Processing by SendjsonController#cross_site_sharing as */*
  Rendered text template (0.0ms)
Completed 200 OK in 1ms (Views: 1.1ms | ActiveRecord: 0.0ms)


Started OPTIONS "/input.json" for 127.0.0.1 at 2013-03-07 21:32:22 -0600
Processing by SendjsonController#cross_site_sharing as */*
  Rendered text template (0.0ms)
Completed 200 OK in 2ms (Views: 1.1ms | ActiveRecord: 0.0ms)


Started OPTIONS "/input.json" for 127.0.0.1 at 2013-03-07 21:46:31 -0600
Processing by SendjsonController#cross_site_sharing as */*
  Rendered text template (0.0ms)
Completed 200 OK in 2ms (Views: 1.4ms | ActiveRecord: 0.0ms)


Started OPTIONS "/input.json" for 127.0.0.1 at 2013-03-07 21:56:45 -0600
Connecting to database specified by database.yml

ActionController::RoutingError (No route matches [OPTIONS] "/input.json"):
  actionpack (3.2.12) lib/action_dispatch/middleware/debug_exceptions.rb:21:in `call'
  actionpack (3.2.12) lib/action_dispatch/middleware/show_exceptions.rb:56:in `call'
  railties (3.2.12) lib/rails/rack/logger.rb:32:in `call_app'
  railties (3.2.12) lib/rails/rack/logger.rb:16:in `block in call'
  activesupport (3.2.12) lib/active_support/tagged_logging.rb:22:in `tagged'
  railties (3.2.12) lib/rails/rack/logger.rb:16:in `call'
  actionpack (3.2.12) lib/action_dispatch/middleware/request_id.rb:22:in `call'
  rack (1.4.5) lib/rack/methodoverride.rb:21:in `call'
  rack (1.4.5) lib/rack/runtime.rb:17:in `call'
  activesupport (3.2.12) lib/active_support/cache/strategy/local_cache.rb:72:in `call'
  rack (1.4.5) lib/rack/lock.rb:15:in `call'
  actionpack (3.2.12) lib/action_dispatch/middleware/static.rb:62:in `call'
  railties (3.2.12) lib/rails/engine.rb:479:in `call'
  railties (3.2.12) lib/rails/application.rb:223:in `call'
  rack (1.4.5) lib/rack/content_length.rb:14:in `call'
  railties (3.2.12) lib/rails/rack/log_tailer.rb:17:in `call'
  rack (1.4.5) lib/rack/handler/webrick.rb:59:in `service'
  /usr/lib/ruby/1.9.1/webrick/httpserver.rb:138:in `service'
  /usr/lib/ruby/1.9.1/webrick/httpserver.rb:94:in `run'
  /usr/lib/ruby/1.9.1/webrick/server.rb:191:in `block in start_thread'


  Rendered /var/lib/gems/1.9.1/gems/actionpack-3.2.12/lib/action_dispatch/middleware/templates/rescues/routing_error.erb within rescues/layout (3.8ms)


Started OPTIONS "/input.json" for 127.0.0.1 at 2013-03-07 21:57:07 -0600
Processing by SendjsonController#cross_site_sharing as */*
  Rendered text template (0.0ms)
Completed 200 OK in 4ms (Views: 3.9ms | ActiveRecord: 0.0ms)


Started OPTIONS "/input.json" for 127.0.0.1 at 2013-03-07 22:13:27 -0600
Connecting to database specified by database.yml
Processing by SendjsonController#cross_site_sharing as */*
  Rendered text template (0.0ms)
Completed 200 OK in 36ms (Views: 35.8ms | ActiveRecord: 0.0ms)


Started GET "/input.jsoncallback=jsonp1362716795954?_=1362716797314" for 127.0.0.1 at 2013-03-07 22:26:37 -0600

ActionController::RoutingError (No route matches [GET] "/input.jsoncallback=jsonp1362716795954"):
  actionpack (3.2.12) lib/action_dispatch/middleware/debug_exceptions.rb:21:in `call'
  actionpack (3.2.12) lib/action_dispatch/middleware/show_exceptions.rb:56:in `call'
  railties (3.2.12) lib/rails/rack/logger.rb:32:in `call_app'
  railties (3.2.12) lib/rails/rack/logger.rb:16:in `block in call'
  activesupport (3.2.12) lib/active_support/tagged_logging.rb:22:in `tagged'
  railties (3.2.12) lib/rails/rack/logger.rb:16:in `call'
  actionpack (3.2.12) lib/action_dispatch/middleware/request_id.rb:22:in `call'
  rack (1.4.5) lib/rack/methodoverride.rb:21:in `call'
  rack (1.4.5) lib/rack/runtime.rb:17:in `call'
  activesupport (3.2.12) lib/active_support/cache/strategy/local_cache.rb:72:in `call'
  rack (1.4.5) lib/rack/lock.rb:15:in `call'
  actionpack (3.2.12) lib/action_dispatch/middleware/static.rb:62:in `call'
  railties (3.2.12) lib/rails/engine.rb:479:in `call'
  railties (3.2.12) lib/rails/application.rb:223:in `call'
  rack (1.4.5) lib/rack/content_length.rb:14:in `call'
  railties (3.2.12) lib/rails/rack/log_tailer.rb:17:in `call'
  rack (1.4.5) lib/rack/handler/webrick.rb:59:in `service'
  /usr/lib/ruby/1.9.1/webrick/httpserver.rb:138:in `service'
  /usr/lib/ruby/1.9.1/webrick/httpserver.rb:94:in `run'
  /usr/lib/ruby/1.9.1/webrick/server.rb:191:in `block in start_thread'


  Rendered /var/lib/gems/1.9.1/gems/actionpack-3.2.12/lib/action_dispatch/middleware/templates/rescues/routing_error.erb within rescues/layout (9.5ms)


Started OPTIONS "/input.json" for 127.0.0.1 at 2013-03-07 22:35:33 -0600

ActionController::RoutingError (undefined local variable or method `root_path' for SendjsonController:Class):
  app/controllers/sendjson_controller.rb:3:in `<class:SendjsonController>'
  app/controllers/sendjson_controller.rb:1:in `<top (required)>'


  Rendered /var/lib/gems/1.9.1/gems/actionpack-3.2.12/lib/action_dispatch/middleware/templates/rescues/routing_error.erb within rescues/layout (0.8ms)


Started OPTIONS "/input.json" for 127.0.0.1 at 2013-03-07 22:36:12 -0600

ActionController::RoutingError (undefined local variable or method `root' for SendjsonController:Class):
  app/controllers/sendjson_controller.rb:3:in `<class:SendjsonController>'
  app/controllers/sendjson_controller.rb:1:in `<top (required)>'


  Rendered /var/lib/gems/1.9.1/gems/actionpack-3.2.12/lib/action_dispatch/middleware/templates/rescues/routing_error.erb within rescues/layout (0.9ms)


Started OPTIONS "/input.json" for 127.0.0.1 at 2013-03-07 22:36:49 -0600

Errno::ENOENT (No such file or directory - /public/input.json):
  app/controllers/sendjson_controller.rb:3:in `read'
  app/controllers/sendjson_controller.rb:3:in `<class:SendjsonController>'
  app/controllers/sendjson_controller.rb:1:in `<top (required)>'


  Rendered /var/lib/gems/1.9.1/gems/actionpack-3.2.12/lib/action_dispatch/middleware/templates/rescues/_trace.erb (2.1ms)
  Rendered /var/lib/gems/1.9.1/gems/actionpack-3.2.12/lib/action_dispatch/middleware/templates/rescues/_request_and_response.erb (1.4ms)
  Rendered /var/lib/gems/1.9.1/gems/actionpack-3.2.12/lib/action_dispatch/middleware/templates/rescues/diagnostics.erb within rescues/layout (12.0ms)


Started OPTIONS "/input.json" for 127.0.0.1 at 2013-03-07 22:37:21 -0600

Errno::ENOENT (No such file or directory - /input.json):
  app/controllers/sendjson_controller.rb:3:in `read'
  app/controllers/sendjson_controller.rb:3:in `<class:SendjsonController>'
  app/controllers/sendjson_controller.rb:1:in `<top (required)>'


  Rendered /var/lib/gems/1.9.1/gems/actionpack-3.2.12/lib/action_dispatch/middleware/templates/rescues/_trace.erb (1.8ms)
  Rendered /var/lib/gems/1.9.1/gems/actionpack-3.2.12/lib/action_dispatch/middleware/templates/rescues/_request_and_response.erb (1.3ms)
  Rendered /var/lib/gems/1.9.1/gems/actionpack-3.2.12/lib/action_dispatch/middleware/templates/rescues/diagnostics.erb within rescues/layout (11.3ms)


Started OPTIONS "/input.json" for 127.0.0.1 at 2013-03-07 22:38:24 -0600

ActionController::RoutingError (undefined method `route' for Rails:Module):
  app/controllers/sendjson_controller.rb:3:in `<class:SendjsonController>'
  app/controllers/sendjson_controller.rb:1:in `<top (required)>'


  Rendered /var/lib/gems/1.9.1/gems/actionpack-3.2.12/lib/action_dispatch/middleware/templates/rescues/routing_error.erb within rescues/layout (0.8ms)


Started OPTIONS "/input.json" for 127.0.0.1 at 2013-03-07 22:39:04 -0600

ActionController::RoutingError (undefined method `route' for Rails:Module):
  app/controllers/sendjson_controller.rb:3:in `<class:SendjsonController>'
  app/controllers/sendjson_controller.rb:1:in `<top (required)>'


  Rendered /var/lib/gems/1.9.1/gems/actionpack-3.2.12/lib/action_dispatch/middleware/templates/rescues/routing_error.erb within rescues/layout (0.7ms)


Started OPTIONS "/input.json" for 127.0.0.1 at 2013-03-07 22:39:20 -0600

ActionController::RoutingError (uninitialized constant SendjsonController::RAILS_ROOT):
  app/controllers/sendjson_controller.rb:3:in `<class:SendjsonController>'
  app/controllers/sendjson_controller.rb:1:in `<top (required)>'


  Rendered /var/lib/gems/1.9.1/gems/actionpack-3.2.12/lib/action_dispatch/middleware/templates/rescues/routing_error.erb within rescues/layout (0.8ms)


Started OPTIONS "/input.json" for 127.0.0.1 at 2013-03-07 22:40:22 -0600

Errno::ENOENT (No such file or directory - /home/znichol92/Research/backendpublic/input.json):
  app/controllers/sendjson_controller.rb:3:in `read'
  app/controllers/sendjson_controller.rb:3:in `<class:SendjsonController>'
  app/controllers/sendjson_controller.rb:1:in `<top (required)>'


  Rendered /var/lib/gems/1.9.1/gems/actionpack-3.2.12/lib/action_dispatch/middleware/templates/rescues/_trace.erb (1.6ms)
  Rendered /var/lib/gems/1.9.1/gems/actionpack-3.2.12/lib/action_dispatch/middleware/templates/rescues/_request_and_response.erb (1.4ms)
  Rendered /var/lib/gems/1.9.1/gems/actionpack-3.2.12/lib/action_dispatch/middleware/templates/rescues/diagnostics.erb within rescues/layout (11.1ms)


Started OPTIONS "/input.json" for 127.0.0.1 at 2013-03-07 22:41:04 -0600
Processing by SendjsonController#cross_site_sharing as */*
  Rendered text template (0.0ms)
Completed 200 OK in 2ms (Views: 1.1ms | ActiveRecord: 0.0ms)


Started GET "/assets/rails.png" for 127.0.0.1 at 2013-03-07 23:29:42 -0600
Connecting to database specified by database.yml

ActiveRecord::ConnectionNotEstablished (ActiveRecord::ConnectionNotEstablished):
  activerecord (3.2.12) lib/active_record/connection_adapters/abstract/connection_pool.rb:410:in `retrieve_connection'
  activerecord (3.2.12) lib/active_record/connection_adapters/abstract/connection_specification.rb:171:in `retrieve_connection'
  activerecord (3.2.12) lib/active_record/connection_adapters/abstract/connection_specification.rb:145:in `connection'
  activerecord (3.2.12) lib/active_record/query_cache.rb:67:in `rescue in call'
  activerecord (3.2.12) lib/active_record/query_cache.rb:61:in `call'
  activerecord (3.2.12) lib/active_record/connection_adapters/abstract/connection_pool.rb:479:in `call'
  actionpack (3.2.12) lib/action_dispatch/middleware/callbacks.rb:28:in `block in call'
  activesupport (3.2.12) lib/active_support/callbacks.rb:405:in `_run__1007850992__call__66940657__callbacks'
  activesupport (3.2.12) lib/active_support/callbacks.rb:405:in `__run_callback'
  activesupport (3.2.12) lib/active_support/callbacks.rb:385:in `_run_call_callbacks'
  activesupport (3.2.12) lib/active_support/callbacks.rb:81:in `run_callbacks'
  actionpack (3.2.12) lib/action_dispatch/middleware/callbacks.rb:27:in `call'
  actionpack (3.2.12) lib/action_dispatch/middleware/reloader.rb:65:in `call'
  actionpack (3.2.12) lib/action_dispatch/middleware/remote_ip.rb:31:in `call'
  actionpack (3.2.12) lib/action_dispatch/middleware/debug_exceptions.rb:16:in `call'
  actionpack (3.2.12) lib/action_dispatch/middleware/show_exceptions.rb:56:in `call'
  railties (3.2.12) lib/rails/rack/logger.rb:32:in `call_app'
  railties (3.2.12) lib/rails/rack/logger.rb:16:in `block in call'
  activesupport (3.2.12) lib/active_support/tagged_logging.rb:22:in `tagged'
  railties (3.2.12) lib/rails/rack/logger.rb:16:in `call'
  actionpack (3.2.12) lib/action_dispatch/middleware/request_id.rb:22:in `call'
  rack (1.4.5) lib/rack/methodoverride.rb:21:in `call'
  rack (1.4.5) lib/rack/runtime.rb:17:in `call'
  activesupport (3.2.12) lib/active_support/cache/strategy/local_cache.rb:72:in `call'
  rack (1.4.5) lib/rack/lock.rb:15:in `call'
  actionpack (3.2.12) lib/action_dispatch/middleware/static.rb:62:in `call'
  railties (3.2.12) lib/rails/engine.rb:479:in `call'
  railties (3.2.12) lib/rails/application.rb:223:in `call'
  rack (1.4.5) lib/rack/content_length.rb:14:in `call'
  railties (3.2.12) lib/rails/rack/log_tailer.rb:17:in `call'
  rack (1.4.5) lib/rack/handler/webrick.rb:59:in `service'
  /usr/lib/ruby/1.9.1/webrick/httpserver.rb:138:in `service'
  /usr/lib/ruby/1.9.1/webrick/httpserver.rb:94:in `run'
  /usr/lib/ruby/1.9.1/webrick/server.rb:191:in `block in start_thread'


  Rendered /var/lib/gems/1.9.1/gems/actionpack-3.2.12/lib/action_dispatch/middleware/templates/rescues/_trace.erb (2.2ms)
  Rendered /var/lib/gems/1.9.1/gems/actionpack-3.2.12/lib/action_dispatch/middleware/templates/rescues/_request_and_response.erb (5.0ms)
  Rendered /var/lib/gems/1.9.1/gems/actionpack-3.2.12/lib/action_dispatch/middleware/templates/rescues/diagnostics.erb within rescues/layout (46.9ms)


Started GET "/input" for 127.0.0.1 at 2013-03-07 23:37:38 -0600
Connecting to database specified by database.yml

ActionController::RoutingError (No route matches [GET] "/input"):
  actionpack (3.2.12) lib/action_dispatch/middleware/debug_exceptions.rb:21:in `call'
  actionpack (3.2.12) lib/action_dispatch/middleware/show_exceptions.rb:56:in `call'
  railties (3.2.12) lib/rails/rack/logger.rb:32:in `call_app'
  railties (3.2.12) lib/rails/rack/logger.rb:16:in `block in call'
  activesupport (3.2.12) lib/active_support/tagged_logging.rb:22:in `tagged'
  railties (3.2.12) lib/rails/rack/logger.rb:16:in `call'
  actionpack (3.2.12) lib/action_dispatch/middleware/request_id.rb:22:in `call'
  rack (1.4.5) lib/rack/methodoverride.rb:21:in `call'
  rack (1.4.5) lib/rack/runtime.rb:17:in `call'
  activesupport (3.2.12) lib/active_support/cache/strategy/local_cache.rb:72:in `call'
  rack (1.4.5) lib/rack/lock.rb:15:in `call'
  actionpack (3.2.12) lib/action_dispatch/middleware/static.rb:62:in `call'
  railties (3.2.12) lib/rails/engine.rb:479:in `call'
  railties (3.2.12) lib/rails/application.rb:223:in `call'
  rack (1.4.5) lib/rack/content_length.rb:14:in `call'
  railties (3.2.12) lib/rails/rack/log_tailer.rb:17:in `call'
  rack (1.4.5) lib/rack/handler/webrick.rb:59:in `service'
  /usr/lib/ruby/1.9.1/webrick/httpserver.rb:138:in `service'
  /usr/lib/ruby/1.9.1/webrick/httpserver.rb:94:in `run'
  /usr/lib/ruby/1.9.1/webrick/server.rb:191:in `block in start_thread'


  Rendered /var/lib/gems/1.9.1/gems/actionpack-3.2.12/lib/action_dispatch/middleware/templates/rescues/routing_error.erb within rescues/layout (24.4ms)


Started GET "/input" for 127.0.0.1 at 2013-03-07 23:37:52 -0600
Processing by SendjsonController#input as */*
Completed 200 OK in 1ms (Views: 0.2ms | ActiveRecord: 0.0ms)


Started GET "/input" for 127.0.0.1 at 2013-03-07 23:38:01 -0600
Processing by SendjsonController#input as */*
Completed 200 OK in 0ms (Views: 0.1ms | ActiveRecord: 0.0ms)


Started GET "/input?callback=lol" for 127.0.0.1 at 2013-03-07 23:43:09 -0600
Processing by SendjsonController#input as */*
  Parameters: {"callback"=>"lol"}
Completed 200 OK in 22ms (Views: 21.4ms | ActiveRecord: 0.0ms)


Started GET "/input?callback=lol" for 127.0.0.1 at 2013-03-07 23:43:21 -0600

ActionController::RoutingError (No route matches [GET] "/input"):
  actionpack (3.2.12) lib/action_dispatch/middleware/debug_exceptions.rb:21:in `call'
  actionpack (3.2.12) lib/action_dispatch/middleware/show_exceptions.rb:56:in `call'
  railties (3.2.12) lib/rails/rack/logger.rb:32:in `call_app'
  railties (3.2.12) lib/rails/rack/logger.rb:16:in `block in call'
  activesupport (3.2.12) lib/active_support/tagged_logging.rb:22:in `tagged'
  railties (3.2.12) lib/rails/rack/logger.rb:16:in `call'
  actionpack (3.2.12) lib/action_dispatch/middleware/request_id.rb:22:in `call'
  rack (1.4.5) lib/rack/methodoverride.rb:21:in `call'
  rack (1.4.5) lib/rack/runtime.rb:17:in `call'
  activesupport (3.2.12) lib/active_support/cache/strategy/local_cache.rb:72:in `call'
  rack (1.4.5) lib/rack/lock.rb:15:in `call'
  actionpack (3.2.12) lib/action_dispatch/middleware/static.rb:62:in `call'
  railties (3.2.12) lib/rails/engine.rb:479:in `call'
  railties (3.2.12) lib/rails/application.rb:223:in `call'
  rack (1.4.5) lib/rack/content_length.rb:14:in `call'
  railties (3.2.12) lib/rails/rack/log_tailer.rb:17:in `call'
  rack (1.4.5) lib/rack/handler/webrick.rb:59:in `service'
  /usr/lib/ruby/1.9.1/webrick/httpserver.rb:138:in `service'
  /usr/lib/ruby/1.9.1/webrick/httpserver.rb:94:in `run'
  /usr/lib/ruby/1.9.1/webrick/server.rb:191:in `block in start_thread'


  Rendered /var/lib/gems/1.9.1/gems/actionpack-3.2.12/lib/action_dispatch/middleware/templates/rescues/routing_error.erb within rescues/layout (1.0ms)


Started GET "/input?callback=lol" for 127.0.0.1 at 2013-03-07 23:43:34 -0600
Processing by SendjsonController#input as */*
  Parameters: {"callback"=>"lol"}
Completed 200 OK in 1ms (Views: 0.2ms | ActiveRecord: 0.0ms)


Started GET "/input?callback=lol" for 127.0.0.1 at 2013-03-07 23:43:52 -0600
Processing by SendjsonController#input as */*
  Parameters: {"callback"=>"lol"}
Completed 200 OK in 1ms (Views: 0.2ms | ActiveRecord: 0.0ms)


Started GET "/input?callback=lol" for 127.0.0.1 at 2013-03-07 23:44:03 -0600
Processing by SendjsonController#input as */*
  Parameters: {"callback"=>"lol"}
Completed 200 OK in 1ms (Views: 0.3ms | ActiveRecord: 0.0ms)


Started GET "/input?callback=jsonp1362721471283&_=1362721473043" for 127.0.0.1 at 2013-03-07 23:44:33 -0600
Processing by SendjsonController#input as */*
  Parameters: {"callback"=>"jsonp1362721471283", "_"=>"1362721473043"}
Completed 200 OK in 0ms (Views: 0.2ms | ActiveRecord: 0.0ms)


Started GET "/input?callback=jsonp1362721537706&_=1362721539026" for 127.0.0.1 at 2013-03-07 23:45:39 -0600
Processing by SendjsonController#input as */*
  Parameters: {"callback"=>"jsonp1362721537706", "_"=>"1362721539026"}
Completed 500 Internal Server Error in 2ms

NameError (undefined local variable or method `root_path' for #<SendjsonController:0xb5820130>):
  app/controllers/sendjson_controller.rb:5:in `input'


  Rendered /var/lib/gems/1.9.1/gems/actionpack-3.2.12/lib/action_dispatch/middleware/templates/rescues/_trace.erb (1.8ms)
  Rendered /var/lib/gems/1.9.1/gems/actionpack-3.2.12/lib/action_dispatch/middleware/templates/rescues/_request_and_response.erb (1.6ms)
  Rendered /var/lib/gems/1.9.1/gems/actionpack-3.2.12/lib/action_dispatch/middleware/templates/rescues/diagnostics.erb within rescues/layout (12.8ms)


Started GET "/input?callback=jsonp1362721619744&_=1362721621102" for 127.0.0.1 at 2013-03-07 23:47:01 -0600
Processing by SendjsonController#input as */*
  Parameters: {"callback"=>"jsonp1362721619744", "_"=>"1362721621102"}
Completed 500 Internal Server Error in 1ms

NameError (uninitialized constant SendjsonController::Root):
  app/controllers/sendjson_controller.rb:5:in `input'


  Rendered /var/lib/gems/1.9.1/gems/actionpack-3.2.12/lib/action_dispatch/middleware/templates/rescues/_trace.erb (1.8ms)
  Rendered /var/lib/gems/1.9.1/gems/actionpack-3.2.12/lib/action_dispatch/middleware/templates/rescues/_request_and_response.erb (1.3ms)
  Rendered /var/lib/gems/1.9.1/gems/actionpack-3.2.12/lib/action_dispatch/middleware/templates/rescues/diagnostics.erb within rescues/layout (11.3ms)


Started GET "/input?callback=jsonp1362721657802&_=1362721659179" for 127.0.0.1 at 2013-03-07 23:47:39 -0600
Processing by SendjsonController#input as */*
  Parameters: {"callback"=>"jsonp1362721657802", "_"=>"1362721659179"}
Sent file /home/znichol92/Research/backendinput.json (0.2ms)
Completed 500 Internal Server Error in 1ms

ActionController::MissingFile (Cannot read file /home/znichol92/Research/backendinput.json):
  app/controllers/sendjson_controller.rb:5:in `input'


  Rendered /var/lib/gems/1.9.1/gems/actionpack-3.2.12/lib/action_dispatch/middleware/templates/rescues/_trace.erb (1.7ms)
  Rendered /var/lib/gems/1.9.1/gems/actionpack-3.2.12/lib/action_dispatch/middleware/templates/rescues/_request_and_response.erb (1.3ms)
  Rendered /var/lib/gems/1.9.1/gems/actionpack-3.2.12/lib/action_dispatch/middleware/templates/rescues/diagnostics.erb within rescues/layout (10.8ms)


Started GET "/input?callback=jsonp1362721679584&_=1362721680960" for 127.0.0.1 at 2013-03-07 23:48:00 -0600
Processing by SendjsonController#input as */*
  Parameters: {"callback"=>"jsonp1362721679584", "_"=>"1362721680960"}
Sent file /home/znichol92/Research/backend/input.json (0.2ms)
Completed 500 Internal Server Error in 1ms

ActionController::MissingFile (Cannot read file /home/znichol92/Research/backend/input.json):
  app/controllers/sendjson_controller.rb:5:in `input'


  Rendered /var/lib/gems/1.9.1/gems/actionpack-3.2.12/lib/action_dispatch/middleware/templates/rescues/_trace.erb (1.7ms)
  Rendered /var/lib/gems/1.9.1/gems/actionpack-3.2.12/lib/action_dispatch/middleware/templates/rescues/_request_and_response.erb (1.3ms)
  Rendered /var/lib/gems/1.9.1/gems/actionpack-3.2.12/lib/action_dispatch/middleware/templates/rescues/diagnostics.erb within rescues/layout (10.8ms)


Started GET "/input?callback=jsonp1362721698461&_=1362721699826" for 127.0.0.1 at 2013-03-07 23:48:19 -0600
Processing by SendjsonController#input as */*
  Parameters: {"callback"=>"jsonp1362721698461", "_"=>"1362721699826"}
Sent file /home/znichol92/Research/backend/public/input.json (0.1ms)
Completed 200 OK in 1ms (ActiveRecord: 0.0ms)


Started OPTIONS "/input" for 127.0.0.1 at 2013-03-07 23:48:46 -0600

ActionController::RoutingError (No route matches [OPTIONS] "/input"):
  actionpack (3.2.12) lib/action_dispatch/middleware/debug_exceptions.rb:21:in `call'
  actionpack (3.2.12) lib/action_dispatch/middleware/show_exceptions.rb:56:in `call'
  railties (3.2.12) lib/rails/rack/logger.rb:32:in `call_app'
  railties (3.2.12) lib/rails/rack/logger.rb:16:in `block in call'
  activesupport (3.2.12) lib/active_support/tagged_logging.rb:22:in `tagged'
  railties (3.2.12) lib/rails/rack/logger.rb:16:in `call'
  actionpack (3.2.12) lib/action_dispatch/middleware/request_id.rb:22:in `call'
  rack (1.4.5) lib/rack/methodoverride.rb:21:in `call'
  rack (1.4.5) lib/rack/runtime.rb:17:in `call'
  activesupport (3.2.12) lib/active_support/cache/strategy/local_cache.rb:72:in `call'
  rack (1.4.5) lib/rack/lock.rb:15:in `call'
  actionpack (3.2.12) lib/action_dispatch/middleware/static.rb:62:in `call'
  railties (3.2.12) lib/rails/engine.rb:479:in `call'
  railties (3.2.12) lib/rails/application.rb:223:in `call'
  rack (1.4.5) lib/rack/content_length.rb:14:in `call'
  railties (3.2.12) lib/rails/rack/log_tailer.rb:17:in `call'
  rack (1.4.5) lib/rack/handler/webrick.rb:59:in `service'
  /usr/lib/ruby/1.9.1/webrick/httpserver.rb:138:in `service'
  /usr/lib/ruby/1.9.1/webrick/httpserver.rb:94:in `run'
  /usr/lib/ruby/1.9.1/webrick/server.rb:191:in `block in start_thread'


  Rendered /var/lib/gems/1.9.1/gems/actionpack-3.2.12/lib/action_dispatch/middleware/templates/rescues/routing_error.erb within rescues/layout (0.9ms)


Started OPTIONS "/input" for 127.0.0.1 at 2013-03-07 23:49:08 -0600
Processing by SendjsonController#cross_site_sharing as */*
  Rendered text template (0.0ms)
Completed 200 OK in 4ms (Views: 3.2ms | ActiveRecord: 0.0ms)


Started GET "/input" for 127.0.0.1 at 2013-03-07 23:49:08 -0600
Processing by SendjsonController#input as JSON
Sent file /home/znichol92/Research/backend/public/input.json (0.1ms)
Completed 200 OK in 1ms (ActiveRecord: 0.0ms)


Started GET "/input" for 127.0.0.1 at 2013-03-07 23:50:05 -0600
Processing by SendjsonController#input as JSON
Sent file /home/znichol92/Research/backend/public/input.json (0.1ms)
Completed 200 OK in 1ms (ActiveRecord: 0.0ms)


Started GET "/input" for 127.0.0.1 at 2013-03-07 23:50:32 -0600
Processing by SendjsonController#input as JSON
Sent file /home/znichol92/Research/backend/public/input.json (0.1ms)
Completed 200 OK in 1ms (ActiveRecord: 0.0ms)


Started OPTIONS "/input" for 127.0.0.1 at 2013-03-07 23:51:25 -0600
Processing by SendjsonController#cross_site_sharing as */*
  Rendered text template (0.0ms)
Completed 200 OK in 2ms (Views: 1.4ms | ActiveRecord: 0.0ms)


Started GET "/input" for 127.0.0.1 at 2013-03-07 23:51:25 -0600
Processing by SendjsonController#input as JSON
Sent file /home/znichol92/Research/backend/public/input.json (0.1ms)
Completed 200 OK in 0ms (ActiveRecord: 0.0ms)


Started OPTIONS "/input" for 127.0.0.1 at 2013-03-07 23:52:02 -0600
Connecting to database specified by database.yml
Processing by SendjsonController#cross_site_sharing as */*
  Rendered text template (0.0ms)
Completed 200 OK in 35ms (Views: 35.0ms | ActiveRecord: 0.0ms)


Started GET "/input" for 127.0.0.1 at 2013-03-07 23:52:03 -0600
Processing by SendjsonController#input as JSON
Sent file /home/znichol92/Research/backend/public/input.json (0.2ms)
Completed 200 OK in 1ms (ActiveRecord: 0.0ms)


Started GET "/input" for 127.0.0.1 at 2013-03-07 23:53:24 -0600
Processing by SendjsonController#input as JSON
Sent file /home/znichol92/Research/backend/public/input.json (0.1ms)
Completed 200 OK in 1ms (ActiveRecord: 0.0ms)


Started GET "/input" for 127.0.0.1 at 2013-03-07 23:55:19 -0600
Processing by SendjsonController#input as JSON
Sent file /home/znichol92/Research/backend/public/input.json (0.1ms)
Completed 200 OK in 1ms (ActiveRecord: 0.0ms)


Started GET "/input" for 127.0.0.1 at 2013-03-07 23:55:46 -0600
Processing by SendjsonController#input as JSON
Sent file /home/znichol92/Research/backend/public/input.json (0.1ms)
Completed 200 OK in 1ms (ActiveRecord: 0.0ms)


Started GET "/input" for 127.0.0.1 at 2013-03-07 23:56:31 -0600
Processing by SendjsonController#input as JSON
Sent file /home/znichol92/Research/backend/public/input.json (0.1ms)
Completed 200 OK in 1ms (ActiveRecord: 0.0ms)


Started GET "/input" for 127.0.0.1 at 2013-03-07 23:58:46 -0600
Processing by SendjsonController#input as JSON
Sent file /home/znichol92/Research/backend/public/input.json (0.1ms)
Completed 200 OK in 1ms (ActiveRecord: 0.0ms)


Started GET "/input" for 127.0.0.1 at 2013-03-07 23:59:54 -0600
Processing by SendjsonController#input as JSON
Sent file /home/znichol92/Research/backend/public/input.json (0.1ms)
Completed 200 OK in 0ms (ActiveRecord: 0.0ms)


Started GET "/input" for 127.0.0.1 at 2013-03-08 00:00:32 -0600
Processing by SendjsonController#input as JSON
Sent file /home/znichol92/Research/backend/public/input.json (0.1ms)
Completed 200 OK in 1ms (ActiveRecord: 0.0ms)


Started OPTIONS "/input" for 127.0.0.1 at 2013-03-08 00:31:40 -0600
Connecting to database specified by database.yml


Started GET "/input" for 127.0.0.1 at 2013-03-08 00:31:42 -0600
Processing by SendjsonController#input as JSON
Sent file /home/znichol92/Research/backend/public/input.json (0.1ms)
Completed 200 OK in 1ms (ActiveRecord: 0.0ms)


Started OPTIONS "/input" for 127.0.0.1 at 2013-03-08 12:07:04 -0600
Connecting to database specified by database.yml


Started GET "/input" for 127.0.0.1 at 2013-03-08 12:07:05 -0600
Processing by SendjsonController#input as JSON
Sent file /home/znichol92/Research/backend/public/input.json (0.1ms)
Completed 200 OK in 1ms (ActiveRecord: 0.0ms)


Started GET "/input" for 127.0.0.1 at 2013-03-08 12:07:50 -0600
Processing by SendjsonController#input as JSON
Sent file /home/znichol92/Research/backend/public/input.json (0.1ms)
Completed 200 OK in 0ms (ActiveRecord: 0.0ms)


Started GET "/input?callback=jsonp1362766520185&_=1362766521289" for 127.0.0.1 at 2013-03-08 12:15:21 -0600
Connecting to database specified by database.yml
Processing by SendjsonController#input as */*
  Parameters: {"callback"=>"jsonp1362766520185", "_"=>"1362766521289"}
Completed 200 OK in 1ms (Views: 0.3ms | ActiveRecord: 0.0ms)


Started GET "/assets/rails.png" for 127.0.0.1 at 2013-03-08 12:16:01 -0600
Connecting to database specified by database.yml
Served asset /rails.png - 200 OK (52ms)


Started GET "/input" for 127.0.0.1 at 2013-03-08 12:16:18 -0600
Processing by SendjsonController#input as */*
Completed 200 OK in 1ms (Views: 0.2ms | ActiveRecord: 0.0ms)


Started OPTIONS "/input" for 127.0.0.1 at 2013-03-08 12:18:05 -0600


Started GET "/input" for 127.0.0.1 at 2013-03-08 12:18:05 -0600
Processing by SendjsonController#input as JSON
Sent file /home/znichol92/Research/backend/public/input.json (0.1ms)
Completed 200 OK in 1ms (ActiveRecord: 0.0ms)


Started GET "/input" for 127.0.0.1 at 2013-03-08 12:19:52 -0600
Processing by SendjsonController#input as JSON
Sent file /home/znichol92/Research/backend/public/input.json (0.1ms)
Completed 200 OK in 0ms (ActiveRecord: 0.0ms)


Started GET "/input" for 127.0.0.1 at 2013-03-08 12:20:29 -0600
Processing by SendjsonController#input as JSON
Sent file /home/znichol92/Research/backend/public/input.json (0.1ms)
Completed 200 OK in 0ms (ActiveRecord: 0.0ms)


Started GET "/input" for 127.0.0.1 at 2013-03-08 12:22:19 -0600
Processing by SendjsonController#input as JSON
Sent file  (0.2ms)
Completed 500 Internal Server Error in 1ms

TypeError (can't convert nil into String):
  app/controllers/sendjson_controller.rb:10:in `input'


  Rendered /var/lib/gems/1.9.1/gems/actionpack-3.2.12/lib/action_dispatch/middleware/templates/rescues/_trace.erb (1.9ms)
  Rendered /var/lib/gems/1.9.1/gems/actionpack-3.2.12/lib/action_dispatch/middleware/templates/rescues/_request_and_response.erb (1.4ms)
  Rendered /var/lib/gems/1.9.1/gems/actionpack-3.2.12/lib/action_dispatch/middleware/templates/rescues/diagnostics.erb within rescues/layout (51.1ms)


Started GET "/input" for 127.0.0.1 at 2013-03-08 12:25:39 -0600
Connecting to database specified by database.yml
Processing by SendjsonController#input as JSON
Sent file /home/znichol92/Research/backend/public/input.json (0.1ms)
Completed 200 OK in 1ms (ActiveRecord: 0.0ms)


Started OPTIONS "/input" for 127.0.0.1 at 2013-03-08 12:41:57 -0600
Connecting to database specified by database.yml


Started GET "/input" for 127.0.0.1 at 2013-03-08 12:41:58 -0600
Processing by SendjsonController#input as JSON
Completed 200 OK in 1ms (Views: 0.2ms | ActiveRecord: 0.0ms)


Started GET "/input" for 127.0.0.1 at 2013-03-08 12:42:21 -0600
Processing by SendjsonController#input as JSON
Sent file /home/znichol92/Research/backend/public/input.json (0.2ms)
Completed 200 OK in 1ms (ActiveRecord: 0.0ms)


Started GET "/input" for 127.0.0.1 at 2013-03-08 12:47:30 -0600
Connecting to database specified by database.yml
Processing by SendjsonController#input as JSON
Sent file /home/znichol92/Research/backend/input.json (0.1ms)
Completed 200 OK in 1ms (ActiveRecord: 0.0ms)


Started OPTIONS "/input" for 127.0.0.1 at 2013-03-08 12:57:11 -0600
Connecting to database specified by database.yml


Started GET "/input" for 127.0.0.1 at 2013-03-08 12:57:12 -0600
Processing by SendjsonController#input as JSON
Sent file  (0.2ms)
Completed 500 Internal Server Error in 1ms

TypeError (can't convert nil into String):
  app/controllers/sendjson_controller.rb:10:in `input'


  Rendered /var/lib/gems/1.9.1/gems/actionpack-3.2.12/lib/action_dispatch/middleware/templates/rescues/_trace.erb (1.8ms)
  Rendered /var/lib/gems/1.9.1/gems/actionpack-3.2.12/lib/action_dispatch/middleware/templates/rescues/_request_and_response.erb (1.4ms)
  Rendered /var/lib/gems/1.9.1/gems/actionpack-3.2.12/lib/action_dispatch/middleware/templates/rescues/diagnostics.erb within rescues/layout (14.4ms)


Started GET "/input" for 127.0.0.1 at 2013-03-08 12:57:24 -0600
Processing by SendjsonController#input as JSON
Sent file  (0.2ms)
Completed 500 Internal Server Error in 1ms

TypeError (can't convert nil into String):
  app/controllers/sendjson_controller.rb:10:in `input'


  Rendered /var/lib/gems/1.9.1/gems/actionpack-3.2.12/lib/action_dispatch/middleware/templates/rescues/_trace.erb (1.7ms)
  Rendered /var/lib/gems/1.9.1/gems/actionpack-3.2.12/lib/action_dispatch/middleware/templates/rescues/_request_and_response.erb (1.3ms)
  Rendered /var/lib/gems/1.9.1/gems/actionpack-3.2.12/lib/action_dispatch/middleware/templates/rescues/diagnostics.erb within rescues/layout (10.9ms)


Started GET "/input" for 127.0.0.1 at 2013-03-08 12:59:01 -0600
Processing by SendjsonController#input as JSON
Sent file  (0.2ms)
Completed 500 Internal Server Error in 1ms

TypeError (can't convert nil into String):
  app/controllers/sendjson_controller.rb:10:in `input'


  Rendered /var/lib/gems/1.9.1/gems/actionpack-3.2.12/lib/action_dispatch/middleware/templates/rescues/_trace.erb (1.7ms)
  Rendered /var/lib/gems/1.9.1/gems/actionpack-3.2.12/lib/action_dispatch/middleware/templates/rescues/_request_and_response.erb (1.3ms)
  Rendered /var/lib/gems/1.9.1/gems/actionpack-3.2.12/lib/action_dispatch/middleware/templates/rescues/diagnostics.erb within rescues/layout (10.9ms)


Started GET "/input" for 127.0.0.1 at 2013-03-08 12:59:27 -0600
Processing by SendjsonController#input as JSON
Sent file  (0.2ms)
Completed 500 Internal Server Error in 1ms

TypeError (can't convert nil into String):
  app/controllers/sendjson_controller.rb:10:in `input'


  Rendered /var/lib/gems/1.9.1/gems/actionpack-3.2.12/lib/action_dispatch/middleware/templates/rescues/_trace.erb (1.7ms)
  Rendered /var/lib/gems/1.9.1/gems/actionpack-3.2.12/lib/action_dispatch/middleware/templates/rescues/_request_and_response.erb (1.3ms)
  Rendered /var/lib/gems/1.9.1/gems/actionpack-3.2.12/lib/action_dispatch/middleware/templates/rescues/diagnostics.erb within rescues/layout (10.8ms)


Started GET "/input" for 127.0.0.1 at 2013-03-08 12:59:56 -0600
Processing by SendjsonController#input as JSON
Sent file /home/znichol92/Research/backend/input.json (0.1ms)
Completed 200 OK in 1ms (ActiveRecord: 0.0ms)


Started GET "/input" for 127.0.0.1 at 2013-03-08 13:00:20 -0600
Processing by SendjsonController#input as JSON
Completed 200 OK in 1ms (Views: 0.2ms | ActiveRecord: 0.0ms)


Started GET "/input" for 127.0.0.1 at 2013-03-08 13:00:29 -0600
Processing by SendjsonController#input as JSON
Completed 200 OK in 1ms (Views: 0.1ms | ActiveRecord: 0.0ms)


Started GET "/input" for 127.0.0.1 at 2013-03-08 13:00:44 -0600
Processing by SendjsonController#input as JSON
Completed 200 OK in 1ms (Views: 0.1ms | ActiveRecord: 0.0ms)


Started GET "/input" for 127.0.0.1 at 2013-03-08 13:01:34 -0600
Processing by SendjsonController#input as JSON
Sent file /home/znichol92/Research/backend/input.json (0.1ms)
Completed 200 OK in 1ms (ActiveRecord: 0.0ms)
